acom -O3 -e 100 -work KSH_kursach -2002  $dsn/src/architecture_oa.vhd
# Warning: DAGGEN_0523: The source is compiled without the -dbg switch. Line breakpoints and assertion debug will not be available.
# File: C:\My_Designs\Kursach_ksh\KSH_kursach\src\architecture_oa.vhd
# Compile Entity "OA"
# Compile Architecture "OA" of Entity "OA"
# Compile success 0 Errors 0 Warnings  Analysis time :  94.0 [ms]
acom -O3 -e 100 -work KSH_kursach -2002  $dsn/src/architecture_ua.vhd
# Warning: DAGGEN_0523: The source is compiled without the -dbg switch. Line breakpoints and assertion debug will not be available.
# File: C:\My_Designs\Kursach_ksh\KSH_kursach\src\architecture_ua.vhd
# Compile Entity "UA"
# Compile Architecture "ua" of Entity "ua"
# Compile success 0 Errors 0 Warnings  Analysis time :  78.0 [ms]
acom -O3 -e 100 -work KSH_kursach -2002  $dsn/src/architecture_ua.vhd
# Warning: DAGGEN_0523: The source is compiled without the -dbg switch. Line breakpoints and assertion debug will not be available.
# File: C:\My_Designs\Kursach_ksh\KSH_kursach\src\architecture_ua.vhd
# Compile Entity "UA"
# Compile Architecture "ua" of Entity "ua"
# Compile success 0 Errors 0 Warnings  Analysis time :  78.0 [ms]
acom -O3 -e 100 -work KSH_kursach -2002  $dsn/src/controller.vhd
# Warning: DAGGEN_0523: The source is compiled without the -dbg switch. Line breakpoints and assertion debug will not be available.
# File: C:\My_Designs\Kursach_ksh\KSH_kursach\src\controller.vhd
# Compile Entity "controller"
# Error: COMP96_0028: controller.vhd : (8, 2): Identifier or keyword expected.
# Error: COMP96_0015: controller.vhd : (8, 2): ';' expected.
# Error: COMP96_0019: controller.vhd : (8, 3): Keyword 'end' expected.
# Error: COMP96_0016: controller.vhd : (9, 1): Design unit declaration expected.
# Compile Architecture "controller" of Entity "controller"
# Error: COMP96_0019: controller.vhd : (34, 1): Keyword 'begin' expected.
# Error: COMP96_0016: controller.vhd : (34, 5): Design unit declaration expected.
# Compile failure 6 Errors 0 Warnings  Analysis time :  63.0 [ms]
acom -O3 -e 100 -work KSH_kursach -2002  $dsn/src/controller.vhd
# Warning: DAGGEN_0523: The source is compiled without the -dbg switch. Line breakpoints and assertion debug will not be available.
# File: C:\My_Designs\Kursach_ksh\KSH_kursach\src\controller.vhd
# Compile Entity "controller"
# Error: COMP96_0018: controller.vhd : (8, 2): Identifier expected.
# Compile Architecture "controller" of Entity "controller"
# Error: COMP96_0019: controller.vhd : (34, 1): Keyword 'begin' expected.
# Error: COMP96_0016: controller.vhd : (34, 5): Design unit declaration expected.
# Compile failure 3 Errors 0 Warnings  Analysis time :  63.0 [ms]
acom -O3 -e 100 -work KSH_kursach -2002  $dsn/src/controller.vhd
# Warning: DAGGEN_0523: The source is compiled without the -dbg switch. Line breakpoints and assertion debug will not be available.
# File: C:\My_Designs\Kursach_ksh\KSH_kursach\src\controller.vhd
# Compile Entity "controller"
# Compile Architecture "controller" of Entity "controller"
# Error: COMP96_0019: controller.vhd : (34, 1): Keyword 'begin' expected.
# Error: COMP96_0016: controller.vhd : (34, 5): Design unit declaration expected.
# Compile failure 2 Errors 0 Warnings  Analysis time :  31.0 [ms]
acom -O3 -e 100 -work KSH_kursach -2002  $dsn/src/controller.vhd
# Warning: DAGGEN_0523: The source is compiled without the -dbg switch. Line breakpoints and assertion debug will not be available.
# File: C:\My_Designs\Kursach_ksh\KSH_kursach\src\controller.vhd
# Compile Entity "controller"
# Compile Architecture "controller" of Entity "controller"
# Compile success 0 Errors 0 Warnings  Analysis time :  16.0 [ms]
acom -O3 -e 100 -work KSH_kursach -2002  $dsn/src/controller.vhd
# Warning: DAGGEN_0523: The source is compiled without the -dbg switch. Line breakpoints and assertion debug will not be available.
# File: C:\My_Designs\Kursach_ksh\KSH_kursach\src\controller.vhd
# Compile Entity "controller"
# Compile Architecture "controller" of Entity "controller"
# Compile success 0 Errors 0 Warnings  Analysis time :  31.0 [ms]
acom -O3 -e 100 -work KSH_kursach -2002  $dsn/src/architecture_oa.vhd
# Warning: DAGGEN_0523: The source is compiled without the -dbg switch. Line breakpoints and assertion debug will not be available.
# File: C:\My_Designs\Kursach_ksh\KSH_kursach\src\architecture_oa.vhd
# Compile Entity "OA"
# Compile Architecture "OA" of Entity "OA"
# Error: COMP96_0078: architecture_oa.vhd : (25, 23): Unknown identifier "x".
# Error: COMP96_0133: architecture_oa.vhd : (25, 23): Cannot find object declaration.
# Error: COMP96_0078: architecture_oa.vhd : (54, 17): Unknown identifier "y".
# Error: COMP96_0133: architecture_oa.vhd : (54, 17): Cannot find object declaration.
# Error: COMP96_0289: architecture_oa.vhd : (54, 17): Prefix of index must be an array.
# Error: COMP96_0077: architecture_oa.vhd : (54, 17): Undefined type of expression. Expected type 'BOOLEAN'.
# Compile failure 6 Errors 0 Warnings  Analysis time :  15.0 [ms]
acom -O3 -e 100 -work KSH_kursach -2002  $dsn/src/architecture_oa.vhd
# Warning: DAGGEN_0523: The source is compiled without the -dbg switch. Line breakpoints and assertion debug will not be available.
# File: C:\My_Designs\Kursach_ksh\KSH_kursach\src\architecture_oa.vhd
# Compile Entity "OA"
# Compile Architecture "OA" of Entity "OA"
# Error: COMP96_0078: architecture_oa.vhd : (54, 17): Unknown identifier "y".
# Error: COMP96_0133: architecture_oa.vhd : (54, 17): Cannot find object declaration.
# Error: COMP96_0289: architecture_oa.vhd : (54, 17): Prefix of index must be an array.
# Error: COMP96_0077: architecture_oa.vhd : (54, 17): Undefined type of expression. Expected type 'BOOLEAN'.
# Compile failure 4 Errors 0 Warnings  Analysis time :  31.0 [ms]
acom -O3 -e 100 -work KSH_kursach -2002  $dsn/src/architecture_oa.vhd
# Warning: DAGGEN_0523: The source is compiled without the -dbg switch. Line breakpoints and assertion debug will not be available.
# File: C:\My_Designs\Kursach_ksh\KSH_kursach\src\architecture_oa.vhd
# Compile Entity "OA"
# Compile Architecture "OA" of Entity "OA"
# Error: ELAB1_0008: architecture_oa.vhd : (54, 17): Cannot read output : "x_0".
# Compile failure 1 Errors 0 Warnings  Analysis time :  32.0 [ms]
acom -O3 -e 100 -work KSH_kursach -2002  $dsn/src/architecture_oa.vhd
# Warning: DAGGEN_0523: The source is compiled without the -dbg switch. Line breakpoints and assertion debug will not be available.
# File: C:\My_Designs\Kursach_ksh\KSH_kursach\src\architecture_oa.vhd
# Compile Entity "OA"
# Compile Architecture "OA" of Entity "OA"
# Compile success 0 Errors 0 Warnings  Analysis time :  63.0 [ms]
acom -O3 -e 100 -work KSH_kursach -2002  $dsn/src/architecture_ua.vhd
# Warning: DAGGEN_0523: The source is compiled without the -dbg switch. Line breakpoints and assertion debug will not be available.
# File: C:\My_Designs\Kursach_ksh\KSH_kursach\src\architecture_ua.vhd
# Compile Entity "UA"
# Compile Architecture "ua" of Entity "ua"
# Error: COMP96_0078: architecture_ua.vhd : (19, 2): Unknown identifier "y".
# Error: COMP96_0133: architecture_ua.vhd : (19, 2): Cannot find object declaration.
# Error: COMP96_0078: architecture_ua.vhd : (46, 16): Unknown identifier "x".
# Error: COMP96_0133: architecture_ua.vhd : (46, 16): Cannot find object declaration.
# Error: COMP96_0289: architecture_ua.vhd : (46, 16): Prefix of index must be an array.
# Error: COMP96_0077: architecture_ua.vhd : (46, 16): Undefined type of expression. Expected type 'BOOLEAN'.
# Compile failure 6 Errors 0 Warnings  Analysis time :  15.0 [ms]
acom -O3 -e 100 -work KSH_kursach -2002  $dsn/src/architecture_ua.vhd
# Warning: DAGGEN_0523: The source is compiled without the -dbg switch. Line breakpoints and assertion debug will not be available.
# File: C:\My_Designs\Kursach_ksh\KSH_kursach\src\architecture_ua.vhd
# Compile Entity "UA"
# Compile Architecture "ua" of Entity "ua"
# Error: COMP96_0078: architecture_ua.vhd : (46, 16): Unknown identifier "x".
# Error: COMP96_0133: architecture_ua.vhd : (46, 16): Cannot find object declaration.
# Error: COMP96_0289: architecture_ua.vhd : (46, 16): Prefix of index must be an array.
# Error: COMP96_0077: architecture_ua.vhd : (46, 16): Undefined type of expression. Expected type 'BOOLEAN'.
# Compile failure 4 Errors 0 Warnings  Analysis time :  16.0 [ms]
acom -O3 -e 100 -work KSH_kursach -2002  $dsn/src/architecture_ua.vhd
# Warning: DAGGEN_0523: The source is compiled without the -dbg switch. Line breakpoints and assertion debug will not be available.
# File: C:\My_Designs\Kursach_ksh\KSH_kursach\src\architecture_ua.vhd
# Compile Entity "UA"
# Compile Architecture "ua" of Entity "ua"
# Compile success 0 Errors 0 Warnings  Analysis time :  63.0 [ms]
acom -O3 -e 100 -work KSH_kursach -2002  $dsn/src/controller.vhd
# Warning: DAGGEN_0523: The source is compiled without the -dbg switch. Line breakpoints and assertion debug will not be available.
# File: C:\My_Designs\Kursach_ksh\KSH_kursach\src\controller.vhd
# Compile Entity "controller"
# Error: COMP96_0018: controller.vhd : (10, 2): Identifier expected.
# Compile Architecture "controller" of Entity "controller"
# Compile failure 1 Errors 0 Warnings  Analysis time :  16.0 [ms]
acom -O3 -e 100 -work KSH_kursach -2002  $dsn/src/controller.vhd
# Warning: DAGGEN_0523: The source is compiled without the -dbg switch. Line breakpoints and assertion debug will not be available.
# File: C:\My_Designs\Kursach_ksh\KSH_kursach\src\controller.vhd
# Compile Entity "controller"
# Compile Architecture "controller" of Entity "controller"
# Compile success 0 Errors 0 Warnings  Analysis time :  16.0 [ms]
acom -O3 -e 100 -work KSH_kursach -2002  $dsn/src/architecture_oa.vhd
# Warning: DAGGEN_0523: The source is compiled without the -dbg switch. Line breakpoints and assertion debug will not be available.
# File: C:\My_Designs\Kursach_ksh\KSH_kursach\src\architecture_oa.vhd
# Compile Entity "OA"
# Compile Architecture "OA" of Entity "OA"
# Error: COMP96_0078: architecture_oa.vhd : (23, 15): Unknown identifier "reset".
# Error: COMP96_0348: architecture_oa.vhd : (23, 15): Name on sensitivity list must denote a signal.
# Error: COMP96_0078: architecture_oa.vhd : (25, 5): Unknown identifier "reset".
# Error: COMP96_0133: architecture_oa.vhd : (25, 5): Cannot find object declaration.
# Error: COMP96_0077: architecture_oa.vhd : (25, 4): Undefined type of expression. Expected type 'BOOLEAN'.
# Compile failure 5 Errors 0 Warnings  Analysis time :  16.0 [ms]
acom -O3 -e 100 -work KSH_kursach -2002  $dsn/src/architecture_oa.vhd
# Warning: DAGGEN_0523: The source is compiled without the -dbg switch. Line breakpoints and assertion debug will not be available.
# File: C:\My_Designs\Kursach_ksh\KSH_kursach\src\architecture_oa.vhd
# Compile Entity "OA"
# Compile Architecture "OA" of Entity "OA"
# Error: COMP96_0078: architecture_oa.vhd : (25, 5): Unknown identifier "reset".
# Error: COMP96_0133: architecture_oa.vhd : (25, 5): Cannot find object declaration.
# Error: COMP96_0077: architecture_oa.vhd : (25, 4): Undefined type of expression. Expected type 'BOOLEAN'.
# Compile failure 3 Errors 0 Warnings  Analysis time :  31.0 [ms]
acom -O3 -e 100 -work KSH_kursach -2002  $dsn/src/architecture_oa.vhd
# Warning: DAGGEN_0523: The source is compiled without the -dbg switch. Line breakpoints and assertion debug will not be available.
# File: C:\My_Designs\Kursach_ksh\KSH_kursach\src\architecture_oa.vhd
# Compile Entity "OA"
# Compile Architecture "OA" of Entity "OA"
# Compile success 0 Errors 0 Warnings  Analysis time :  63.0 [ms]
acom -O3 -e 100 -work KSH_kursach -2002  $dsn/src/controller.vhd
# Warning: DAGGEN_0523: The source is compiled without the -dbg switch. Line breakpoints and assertion debug will not be available.
# File: C:\My_Designs\Kursach_ksh\KSH_kursach\src\controller.vhd
# Compile Entity "controller"
# Compile Architecture "controller" of Entity "controller"
# Error: COMP96_0078: controller.vhd : (35, 12): Unknown identifier "y_o".
# Error: COMP96_0133: controller.vhd : (35, 12): Cannot find object declaration.
# Error: COMP96_0077: controller.vhd : (35, 12): Undefined type of expression. Expected type 'STD_LOGIC_VECTOR'.
# Error: COMP96_0078: controller.vhd : (36, 12): Unknown identifier "x_o".
# Error: COMP96_0133: controller.vhd : (36, 12): Cannot find object declaration.
# Error: COMP96_0077: controller.vhd : (36, 12): Undefined type of expression. Expected type 'STD_LOGIC_VECTOR'.
# Error: COMP96_0078: controller.vhd : (37, 17): Unknown identifier "architecture_ua".
# Error: COMP96_0134: controller.vhd : (37, 17): Cannot find component declaration.
# Compile failure 8 Errors 0 Warnings  Analysis time :  31.0 [ms]
acom -O3 -e 100 -work KSH_kursach -2002  $dsn/src/controller.vhd
# Warning: DAGGEN_0523: The source is compiled without the -dbg switch. Line breakpoints and assertion debug will not be available.
# File: C:\My_Designs\Kursach_ksh\KSH_kursach\src\controller.vhd
# Compile Entity "controller"
# Compile Architecture "controller" of Entity "controller"
# Error: COMP96_0078: controller.vhd : (35, 17): Unknown identifier "architecture_ua".
# Error: COMP96_0134: controller.vhd : (35, 17): Cannot find component declaration.
# Compile failure 2 Errors 0 Warnings  Analysis time :  31.0 [ms]
acom -O3 -e 100 -work KSH_kursach -2002  $dsn/src/controller.vhd
# Warning: DAGGEN_0523: The source is compiled without the -dbg switch. Line breakpoints and assertion debug will not be available.
# File: C:\My_Designs\Kursach_ksh\KSH_kursach\src\controller.vhd
# Compile Entity "controller"
# Compile Architecture "controller" of Entity "controller"
# Error: COMP96_0113: controller.vhd : (35, 75): Positional associations must precede named associations.
# Compile failure 1 Errors 0 Warnings  Analysis time :  47.0 [ms]
acom -O3 -e 100 -work KSH_kursach -2002  $dsn/src/controller.vhd
# Warning: DAGGEN_0523: The source is compiled without the -dbg switch. Line breakpoints and assertion debug will not be available.
# File: C:\My_Designs\Kursach_ksh\KSH_kursach\src\controller.vhd
# Compile Entity "controller"
# Compile Architecture "controller" of Entity "controller"
# Error: COMP96_0078: controller.vhd : (35, 81): Unknown identifier "y_o".
# Error: COMP96_0113: controller.vhd : (35, 74): Positional associations must precede named associations.
# Compile failure 2 Errors 0 Warnings  Analysis time :  16.0 [ms]
acom -O3 -e 100 -work KSH_kursach -2002  $dsn/src/controller.vhd
# Warning: DAGGEN_0523: The source is compiled without the -dbg switch. Line breakpoints and assertion debug will not be available.
# File: C:\My_Designs\Kursach_ksh\KSH_kursach\src\controller.vhd
# Compile Entity "controller"
# Compile Architecture "controller" of Entity "controller"
# Compile success 0 Errors 0 Warnings  Analysis time :  31.0 [ms]
acom -O3 -e 100 -work KSH_kursach -2002  $dsn/src/controller.vhd
# Warning: DAGGEN_0523: The source is compiled without the -dbg switch. Line breakpoints and assertion debug will not be available.
# File: C:\My_Designs\Kursach_ksh\KSH_kursach\src\controller.vhd
# Compile Entity "controller"
# Compile Architecture "controller" of Entity "controller"
# Warning: ELAB1_0026: controller.vhd : (36, 0): There is no default binding for component "OA". (Port "x_o" is not on the entity).
# Compile success 0 Errors 1 Warnings  Analysis time :  31.0 [ms]
acom -O3 -e 100 -work KSH_kursach -2002  $dsn/src/architecture_oa.vhd
# Warning: DAGGEN_0523: The source is compiled without the -dbg switch. Line breakpoints and assertion debug will not be available.
# File: C:\My_Designs\Kursach_ksh\KSH_kursach\src\architecture_oa.vhd
# Compile Entity "OA"
# Compile Architecture "OA" of Entity "OA"
# Error: COMP96_0078: architecture_oa.vhd : (23, 21): Unknown identifier "x_0".
# Error: COMP96_0133: architecture_oa.vhd : (23, 21): Cannot find object declaration.
# Error: COMP96_0078: architecture_oa.vhd : (66, 1): Unknown identifier "x_0".
# Error: COMP96_0133: architecture_oa.vhd : (66, 1): Cannot find object declaration.
# Error: COMP96_0078: architecture_oa.vhd : (67, 1): Unknown identifier "x_0".
# Error: COMP96_0133: architecture_oa.vhd : (67, 1): Cannot find object declaration.
# Error: COMP96_0078: architecture_oa.vhd : (68, 1): Unknown identifier "x_0".
# Error: COMP96_0133: architecture_o